This is pdfTeX, Version 3.1415926-2.5-1.40.14 (MiKTeX 2.9 64-bit) (preloaded format=pdflatex 2014.4.14)  16 JUN 2015 17:28
entering extended mode
**Draft_Inflation.tex
(H:\git\zeit-2\draft\Draft_Inflation.tex
LaTeX2e <2011/06/27>
Babel <v3.8m> and hyphenation patterns for english, afrikaans, ancientgreek, arabic, armenian, assamese, basque, bengali
, bokmal, bulgarian, catalan, coptic, croatian, czech, danish, dutch, esperanto, estonian, farsi, finnish, french, galic
ian, german, german-x-2013-05-26, greek, gujarati, hindi, hungarian, icelandic, indonesian, interlingua, irish, italian,
 kannada, kurmanji, latin, latvian, lithuanian, malayalam, marathi, mongolian, mongolianlmc, monogreek, ngerman, ngerman
-x-2013-05-26, nynorsk, oriya, panjabi, pinyin, polish, portuguese, romanian, russian, sanskrit, serbian, slovak, sloven
ian, spanish, swedish, swissgerman, tamil, telugu, turkish, turkmen, ukenglish, ukrainian, uppersorbian, usenglishmax, w
elsh, loaded.
("C:\Program Files\MiKTeX 2.9\tex\latex\base\article.cls"
Document Class: article 2007/10/19 v1.4h Standard LaTeX document class
("C:\Program Files\MiKTeX 2.9\tex\latex\base\size10.clo"
File: size10.clo 2007/10/19 v1.4h Standard LaTeX file (size option)
)
\c@part=\count79
\c@section=\count80
\c@subsection=\count81
\c@subsubsection=\count82
\c@paragraph=\count83
\c@subparagraph=\count84
\c@figure=\count85
\c@table=\count86
\abovecaptionskip=\skip41
\belowcaptionskip=\skip42
\bibindent=\dimen102
) ("C:\Program Files\MiKTeX 2.9\tex\latex\base\latexsym.sty"
Package: latexsym 1998/08/17 v2.2e Standard LaTeX package (lasy symbols)
\symlasy=\mathgroup4
LaTeX Font Info:    Overwriting symbol font `lasy' in version `bold'
(Font)                  U/lasy/m/n --> U/lasy/b/n on input line 47.
)
("C:\Program Files\MiKTeX 2.9\tex\latex\graphics\graphicx.sty"
Package: graphicx 1999/02/16 v1.0f Enhanced LaTeX Graphics (DPC,SPQR)

("C:\Program Files\MiKTeX 2.9\tex\latex\graphics\keyval.sty"
Package: keyval 1999/03/16 v1.13 key=value parser (DPC)
\KV@toks@=\toks14
)
("C:\Program Files\MiKTeX 2.9\tex\latex\graphics\graphics.sty"
Package: graphics 2009/02/05 v1.0o Standard LaTeX Graphics (DPC,SPQR)
 ("C:\Program Files\MiKTeX 2.9\tex\latex\graphics\trig.sty"
Package: trig 1999/03/16 v1.09 sin cos tan (DPC)
) ("C:\Program Files\MiKTeX 2.9\tex\latex\00miktex\graphics.cfg"
File: graphics.cfg 2007/01/18 v1.5 graphics configuration of teTeX/TeXLive
)
Package graphics Info: Driver file: pdftex.def on input line 91.

("C:\Program Files\MiKTeX 2.9\tex\latex\pdftex-def\pdftex.def"
File: pdftex.def 2011/05/27 v0.06d Graphics/color for pdfTeX

("C:\Program Files\MiKTeX 2.9\tex\generic\oberdiek\infwarerr.sty"
Package: infwarerr 2010/04/08 v1.3 Providing info/warning/error messages (HO)
)
("C:\Program Files\MiKTeX 2.9\tex\generic\oberdiek\ltxcmds.sty"
Package: ltxcmds 2011/11/09 v1.22 LaTeX kernel commands for general use (HO)
)
\Gread@gobject=\count87
))
\Gin@req@height=\dimen103
\Gin@req@width=\dimen104
)
("C:\Program Files\MiKTeX 2.9\tex\latex\setspace\setspace.sty"
Package: setspace 2011/12/19 v6.7a set line spacing
)
("C:\Program Files\MiKTeX 2.9\tex\latex\fancyhdr\fancyhdr.sty"
\fancy@headwidth=\skip43
\f@ncyO@elh=\skip44
\f@ncyO@erh=\skip45
\f@ncyO@olh=\skip46
\f@ncyO@orh=\skip47
\f@ncyO@elf=\skip48
\f@ncyO@erf=\skip49
\f@ncyO@olf=\skip50
\f@ncyO@orf=\skip51
)
("C:\Program Files\MiKTeX 2.9\tex\latex\graphics\lscape.sty"
Package: lscape 2000/10/22 v3.01 Landscape Pages (DPC)
)
(C:\Users\dulbricht\AppData\Roaming\MiKTeX\2.9\tex\latex\amsmath\amsmath.sty
Package: amsmath 2013/01/14 v2.14 AMS math features
\@mathmargin=\skip52

For additional information on amsmath, use the `?' option.
(C:\Users\dulbricht\AppData\Roaming\MiKTeX\2.9\tex\latex\amsmath\amstext.sty
Package: amstext 2000/06/29 v2.01

(C:\Users\dulbricht\AppData\Roaming\MiKTeX\2.9\tex\latex\amsmath\amsgen.sty
File: amsgen.sty 1999/11/30 v2.0
\@emptytoks=\toks15
\ex@=\dimen105
))
(C:\Users\dulbricht\AppData\Roaming\MiKTeX\2.9\tex\latex\amsmath\amsbsy.sty
Package: amsbsy 1999/11/29 v1.2d
\pmbraise@=\dimen106
)
(C:\Users\dulbricht\AppData\Roaming\MiKTeX\2.9\tex\latex\amsmath\amsopn.sty
Package: amsopn 1999/12/14 v2.01 operator names
)
\inf@bad=\count88
LaTeX Info: Redefining \frac on input line 210.
\uproot@=\count89
\leftroot@=\count90
LaTeX Info: Redefining \overline on input line 306.
\classnum@=\count91
\DOTSCASE@=\count92
LaTeX Info: Redefining \ldots on input line 378.
LaTeX Info: Redefining \dots on input line 381.
LaTeX Info: Redefining \cdots on input line 466.
\Mathstrutbox@=\box26
\strutbox@=\box27
\big@size=\dimen107
LaTeX Font Info:    Redeclaring font encoding OML on input line 566.
LaTeX Font Info:    Redeclaring font encoding OMS on input line 567.
\macc@depth=\count93
\c@MaxMatrixCols=\count94
\dotsspace@=\muskip10
\c@parentequation=\count95
\dspbrk@lvl=\count96
\tag@help=\toks16
\row@=\count97
\column@=\count98
\maxfields@=\count99
\andhelp@=\toks17
\eqnshift@=\dimen108
\alignsep@=\dimen109
\tagshift@=\dimen110
\tagwidth@=\dimen111
\totwidth@=\dimen112
\lineht@=\dimen113
\@envbody=\toks18
\multlinegap=\skip53
\multlinetaggap=\skip54
\mathdisplay@stack=\toks19
LaTeX Info: Redefining \[ on input line 2665.
LaTeX Info: Redefining \] on input line 2666.
)
("C:\Program Files\MiKTeX 2.9\tex\latex\jknappen\mathrsfs.sty"
Package: mathrsfs 1996/01/01 Math RSFS package v1.0 (jk)
\symrsfs=\mathgroup5
) ("C:\Program Files\MiKTeX 2.9\tex\latex\subfig\subfig.sty"
Package: subfig 2005/06/28 ver: 1.3 subfig package
 ("C:\Program Files\MiKTeX 2.9\tex\latex\caption\caption.sty"
Package: caption 2013/05/02 v3.3-89 Customizing captions (AR)

("C:\Program Files\MiKTeX 2.9\tex\latex\caption\caption3.sty"
Package: caption3 2013/05/02 v1.6-88 caption3 kernel (AR)
Package caption3 Info: TeX engine: e-TeX on input line 57.
\captionmargin=\dimen114
\captionmargin@=\dimen115
\captionwidth=\dimen116
\caption@tempdima=\dimen117
\caption@indent=\dimen118
\caption@parindent=\dimen119
\caption@hangindent=\dimen120
)
\c@ContinuedFloat=\count100
)
\c@KVtest=\count101
\sf@farskip=\skip55
\sf@captopadj=\dimen121
\sf@capskip=\skip56
\sf@nearskip=\skip57
\c@subfigure=\count102
\c@subfigure@save=\count103
\c@lofdepth=\count104
\c@subtable=\count105
\c@subtable@save=\count106
\c@lotdepth=\count107
\sf@top=\skip58
\sf@bottom=\skip59
)
("C:\Program Files\MiKTeX 2.9\tex\latex\tools\longtable.sty"
Package: longtable 2004/02/01 v4.11 Multi-page Table package (DPC)
\LTleft=\skip60
\LTright=\skip61
\LTpre=\skip62
\LTpost=\skip63
\LTchunksize=\count108
\LTcapwidth=\dimen122
\LT@head=\box28
\LT@firsthead=\box29
\LT@foot=\box30
\LT@lastfoot=\box31
\LT@cols=\count109
\LT@rows=\count110
\c@LT@tables=\count111
\c@LT@chunks=\count112
\LT@p@ftn=\toks20
) ("C:\Program Files\MiKTeX 2.9\tex\latex\graphics\epsfig.sty"
Package: epsfig 1999/02/16 v1.7a (e)psfig emulation (SPQR)
\epsfxsize=\dimen123
\epsfysize=\dimen124
) ("C:\Program Files\MiKTeX 2.9\tex\latex\natbib\natbib.sty"
Package: natbib 2010/09/13 8.31b (PWD, AO)
\bibhang=\skip64
\bibsep=\skip65
LaTeX Info: Redefining \cite on input line 694.
\c@NAT@ctr=\count113
)
("C:\Program Files\MiKTeX 2.9\tex\latex\epigraph\epigraph.sty"
Package: epigraph 2009/09/02 v1.5c typesetting epigraphs
\beforeepigraphskip=\skip66
\afterepigraphskip=\skip67
\epigraphwidth=\skip68
\epigraphrule=\skip69
)
("C:\Program Files\MiKTeX 2.9\tex\latex\rotating\rotating.sty"
Package: rotating 2009/03/28 v2.16a rotated objects in LaTeX
 ("C:\Program Files\MiKTeX 2.9\tex\latex\base\ifthen.sty"
Package: ifthen 2001/05/26 v1.1c Standard LaTeX ifthen package (DPC)
)
\c@r@tfl@t=\count114
\rotFPtop=\skip70
\rotFPbot=\skip71
\rot@float@box=\box32
\rot@mess@toks=\toks21
) ("C:\Program Files\MiKTeX 2.9\tex\latex\multirow\multirow.sty"
\bigstrutjot=\dimen125
)
("C:\Program Files\MiKTeX 2.9\tex\latex\rotfloat\rotfloat.sty"
Package: rotfloat 2004/01/04 v1.2 Combining float+rotating package (AS)
 ("C:\Program Files\MiKTeX 2.9\tex\latex\float\float.sty"
Package: float 2001/11/08 v1.3d Float enhancements (AL)
\c@float@type=\count115
\float@exts=\toks22
\float@box=\box33
\@float@everytoks=\toks23
\@floatcapt=\box34
)
Package rotfloat Info: float package v1.3 detected on input line 74.
) ("C:\Program Files\MiKTeX 2.9\tex\latex\booktabs\booktabs.sty"
Package: booktabs 2005/04/14 v1.61803 publication quality tables
\heavyrulewidth=\dimen126
\lightrulewidth=\dimen127
\cmidrulewidth=\dimen128
\belowrulesep=\dimen129
\belowbottomsep=\dimen130
\aboverulesep=\dimen131
\abovetopsep=\dimen132
\cmidrulesep=\dimen133
\cmidrulekern=\dimen134
\defaultaddspace=\dimen135
\@cmidla=\count116
\@cmidlb=\count117
\@aboverulesep=\dimen136
\@belowrulesep=\dimen137
\@thisruleclass=\count118
\@lastruleclass=\count119
\@thisrulewidth=\dimen138
)
("C:\Program Files\MiKTeX 2.9\tex\latex\threeparttable\threeparttable.sty"
Package: threeparttable 2003/06/13  v 3.0
\@tempboxb=\box35
)
("C:\Program Files\MiKTeX 2.9\tex\latex\base\textcomp.sty"
Package: textcomp 2005/09/27 v1.99g Standard LaTeX package
Package textcomp Info: Sub-encoding information:
(textcomp)               5 = only ISO-Adobe without \textcurrency
(textcomp)               4 = 5 + \texteuro
(textcomp)               3 = 4 + \textohm
(textcomp)               2 = 3 + \textestimated + \textcurrency
(textcomp)               1 = TS1 - \textcircled - \t
(textcomp)               0 = TS1 (full)
(textcomp)             Font families with sub-encoding setting implement
(textcomp)             only a restricted character set as indicated.
(textcomp)             Family '?' is the default used for unknown fonts.
(textcomp)             See the documentation for details.
Package textcomp Info: Setting ? sub-encoding to TS1/1 on input line 71.
 ("C:\Program Files\MiKTeX 2.9\tex\latex\base\ts1enc.def"
File: ts1enc.def 2001/06/05 v3.0e (jk/car/fm) Standard LaTeX file
)
LaTeX Info: Redefining \oldstylenums on input line 266.
Package textcomp Info: Setting cmr sub-encoding to TS1/0 on input line 281.
Package textcomp Info: Setting cmss sub-encoding to TS1/0 on input line 282.
Package textcomp Info: Setting cmtt sub-encoding to TS1/0 on input line 283.
Package textcomp Info: Setting cmvtt sub-encoding to TS1/0 on input line 284.
Package textcomp Info: Setting cmbr sub-encoding to TS1/0 on input line 285.
Package textcomp Info: Setting cmtl sub-encoding to TS1/0 on input line 286.
Package textcomp Info: Setting ccr sub-encoding to TS1/0 on input line 287.
Package textcomp Info: Setting ptm sub-encoding to TS1/4 on input line 288.
Package textcomp Info: Setting pcr sub-encoding to TS1/4 on input line 289.
Package textcomp Info: Setting phv sub-encoding to TS1/4 on input line 290.
Package textcomp Info: Setting ppl sub-encoding to TS1/3 on input line 291.
Package textcomp Info: Setting pag sub-encoding to TS1/4 on input line 292.
Package textcomp Info: Setting pbk sub-encoding to TS1/4 on input line 293.
Package textcomp Info: Setting pnc sub-encoding to TS1/4 on input line 294.
Package textcomp Info: Setting pzc sub-encoding to TS1/4 on input line 295.
Package textcomp Info: Setting bch sub-encoding to TS1/4 on input line 296.
Package textcomp Info: Setting put sub-encoding to TS1/5 on input line 297.
Package textcomp Info: Setting uag sub-encoding to TS1/5 on input line 298.
Package textcomp Info: Setting ugq sub-encoding to TS1/5 on input line 299.
Package textcomp Info: Setting ul8 sub-encoding to TS1/4 on input line 300.
Package textcomp Info: Setting ul9 sub-encoding to TS1/4 on input line 301.
Package textcomp Info: Setting augie sub-encoding to TS1/5 on input line 302.
Package textcomp Info: Setting dayrom sub-encoding to TS1/3 on input line 303.
Package textcomp Info: Setting dayroms sub-encoding to TS1/3 on input line 304.
Package textcomp Info: Setting pxr sub-encoding to TS1/0 on input line 305.
Package textcomp Info: Setting pxss sub-encoding to TS1/0 on input line 306.
Package textcomp Info: Setting pxtt sub-encoding to TS1/0 on input line 307.
Package textcomp Info: Setting txr sub-encoding to TS1/0 on input line 308.
Package textcomp Info: Setting txss sub-encoding to TS1/0 on input line 309.
Package textcomp Info: Setting txtt sub-encoding to TS1/0 on input line 310.
Package textcomp Info: Setting lmr sub-encoding to TS1/0 on input line 311.
Package textcomp Info: Setting lmdh sub-encoding to TS1/0 on input line 312.
Package textcomp Info: Setting lmss sub-encoding to TS1/0 on input line 313.
Package textcomp Info: Setting lmssq sub-encoding to TS1/0 on input line 314.
Package textcomp Info: Setting lmvtt sub-encoding to TS1/0 on input line 315.
Package textcomp Info: Setting qhv sub-encoding to TS1/0 on input line 316.
Package textcomp Info: Setting qag sub-encoding to TS1/0 on input line 317.
Package textcomp Info: Setting qbk sub-encoding to TS1/0 on input line 318.
Package textcomp Info: Setting qcr sub-encoding to TS1/0 on input line 319.
Package textcomp Info: Setting qcs sub-encoding to TS1/0 on input line 320.
Package textcomp Info: Setting qpl sub-encoding to TS1/0 on input line 321.
Package textcomp Info: Setting qtm sub-encoding to TS1/0 on input line 322.
Package textcomp Info: Setting qzc sub-encoding to TS1/0 on input line 323.
Package textcomp Info: Setting qhvc sub-encoding to TS1/0 on input line 324.
Package textcomp Info: Setting futs sub-encoding to TS1/4 on input line 325.
Package textcomp Info: Setting futx sub-encoding to TS1/4 on input line 326.
Package textcomp Info: Setting futj sub-encoding to TS1/4 on input line 327.
Package textcomp Info: Setting hlh sub-encoding to TS1/3 on input line 328.
Package textcomp Info: Setting hls sub-encoding to TS1/3 on input line 329.
Package textcomp Info: Setting hlst sub-encoding to TS1/3 on input line 330.
Package textcomp Info: Setting hlct sub-encoding to TS1/5 on input line 331.
Package textcomp Info: Setting hlx sub-encoding to TS1/5 on input line 332.
Package textcomp Info: Setting hlce sub-encoding to TS1/5 on input line 333.
Package textcomp Info: Setting hlcn sub-encoding to TS1/5 on input line 334.
Package textcomp Info: Setting hlcw sub-encoding to TS1/5 on input line 335.
Package textcomp Info: Setting hlcf sub-encoding to TS1/5 on input line 336.
Package textcomp Info: Setting pplx sub-encoding to TS1/3 on input line 337.
Package textcomp Info: Setting pplj sub-encoding to TS1/3 on input line 338.
Package textcomp Info: Setting ptmx sub-encoding to TS1/4 on input line 339.
Package textcomp Info: Setting ptmj sub-encoding to TS1/4 on input line 340.
)
("C:\Program Files\MiKTeX 2.9\tex\latex\tools\enumerate.sty"
Package: enumerate 1999/03/05 v3.00 enumerate extensions (DPC)
\@enLab=\toks24
)
("C:\Program Files\MiKTeX 2.9\tex\latex\hyperref\hyperref.sty"
Package: hyperref 2012/11/06 v6.83m Hypertext links for LaTeX

("C:\Program Files\MiKTeX 2.9\tex\generic\oberdiek\hobsub-hyperref.sty"
Package: hobsub-hyperref 2012/04/25 v1.12 Bundle oberdiek, subset hyperref (HO)

("C:\Program Files\MiKTeX 2.9\tex\generic\oberdiek\hobsub-generic.sty"
Package: hobsub-generic 2012/04/25 v1.12 Bundle oberdiek, subset generic (HO)
Package: hobsub 2012/04/25 v1.12 Construct package bundles (HO)
Package hobsub Info: Skipping package `infwarerr' (already loaded).
Package hobsub Info: Skipping package `ltxcmds' (already loaded).
Package: ifluatex 2010/03/01 v1.3 Provides the ifluatex switch (HO)
Package ifluatex Info: LuaTeX not detected.
Package: ifvtex 2010/03/01 v1.5 Detect VTeX and its facilities (HO)
Package ifvtex Info: VTeX not detected.
Package: intcalc 2007/09/27 v1.1 Expandable calculations with integers (HO)
Package: ifpdf 2011/01/30 v2.3 Provides the ifpdf switch (HO)
Package ifpdf Info: pdfTeX in PDF mode is detected.
Package: etexcmds 2011/02/16 v1.5 Avoid name clashes with e-TeX commands (HO)
Package etexcmds Info: Could not find \expanded.
(etexcmds)             That can mean that you are not using pdfTeX 1.50 or
(etexcmds)             that some package has redefined \expanded.
(etexcmds)             In the latter case, load this package earlier.
Package: kvsetkeys 2012/04/25 v1.16 Key value parser (HO)
Package: kvdefinekeys 2011/04/07 v1.3 Define keys (HO)
Package: pdftexcmds 2011/11/29 v0.20 Utility functions of pdfTeX for LuaTeX (HO)
Package pdftexcmds Info: LuaTeX not detected.
Package pdftexcmds Info: \pdf@primitive is available.
Package pdftexcmds Info: \pdf@ifprimitive is available.
Package pdftexcmds Info: \pdfdraftmode found.
Package: pdfescape 2011/11/25 v1.13 Implements pdfTeX's escape features (HO)
Package: bigintcalc 2012/04/08 v1.3 Expandable calculations on big integers (HO)
Package: bitset 2011/01/30 v1.1 Handle bit-vector datatype (HO)
Package: uniquecounter 2011/01/30 v1.2 Provide unlimited unique counter (HO)
)
Package hobsub Info: Skipping package `hobsub' (already loaded).
Package: letltxmacro 2010/09/02 v1.4 Let assignment for LaTeX macros (HO)
Package: hopatch 2011/06/24 v1.1 Wrapper for package hooks (HO)
Package: xcolor-patch 2011/01/30 xcolor patch
Package: atveryend 2011/06/30 v1.8 Hooks at the very end of document (HO)
Package atveryend Info: \enddocument detected (standard20110627).
Package: atbegshi 2011/10/05 v1.16 At begin shipout hook (HO)
Package: refcount 2011/10/16 v3.4 Data extraction from label references (HO)
Package: hycolor 2011/01/30 v1.7 Color options for hyperref/bookmark (HO)
)
("C:\Program Files\MiKTeX 2.9\tex\generic\ifxetex\ifxetex.sty"
Package: ifxetex 2010/09/12 v0.6 Provides ifxetex conditional
)
("C:\Program Files\MiKTeX 2.9\tex\latex\oberdiek\auxhook.sty"
Package: auxhook 2011/03/04 v1.3 Hooks for auxiliary files (HO)
)
("C:\Program Files\MiKTeX 2.9\tex\latex\oberdiek\kvoptions.sty"
Package: kvoptions 2011/06/30 v3.11 Key value format for package options (HO)
)
\@linkdim=\dimen139
\Hy@linkcounter=\count120
\Hy@pagecounter=\count121

("C:\Program Files\MiKTeX 2.9\tex\latex\hyperref\pd1enc.def"
File: pd1enc.def 2012/11/06 v6.83m Hyperref: PDFDocEncoding definition (HO)
)
\Hy@SavedSpaceFactor=\count122

("C:\Program Files\MiKTeX 2.9\tex\latex\00miktex\hyperref.cfg"
File: hyperref.cfg 2002/06/06 v1.2 hyperref configuration of TeXLive
)
Package hyperref Info: Option `colorlinks' set `true' on input line 4319.
Package hyperref Info: Hyper figures OFF on input line 4443.
Package hyperref Info: Link nesting OFF on input line 4448.
Package hyperref Info: Hyper index ON on input line 4451.
Package hyperref Info: Plain pages OFF on input line 4458.
Package hyperref Info: Backreferencing OFF on input line 4463.
Package hyperref Info: Implicit mode ON; LaTeX internals redefined.
Package hyperref Info: Bookmarks ON on input line 4688.
\c@Hy@tempcnt=\count123
 ("C:\Program Files\MiKTeX 2.9\tex\latex\url\url.sty"
\Urlmuskip=\muskip11
Package: url 2013/09/16  ver 3.4  Verb mode for urls, etc.
)
LaTeX Info: Redefining \url on input line 5041.
\XeTeXLinkMargin=\dimen140
\Fld@menulength=\count124
\Field@Width=\dimen141
\Fld@charsize=\dimen142
Package hyperref Info: Hyper figures OFF on input line 6295.
Package hyperref Info: Link nesting OFF on input line 6300.
Package hyperref Info: Hyper index ON on input line 6303.
Package hyperref Info: backreferencing OFF on input line 6310.
Package hyperref Info: Link coloring ON on input line 6313.
Package hyperref Info: Link coloring with OCG OFF on input line 6320.
Package hyperref Info: PDF/A mode OFF on input line 6325.
LaTeX Info: Redefining \ref on input line 6365.
LaTeX Info: Redefining \pageref on input line 6369.
\Hy@abspage=\count125
\c@Item=\count126
\c@Hfootnote=\count127
)

Package hyperref Message: Driver (autodetected): hpdftex.

("C:\Program Files\MiKTeX 2.9\tex\latex\hyperref\hpdftex.def"
File: hpdftex.def 2012/11/06 v6.83m Hyperref driver for pdfTeX
\Fld@listcount=\count128
\c@bookmark@seq@number=\count129

("C:\Program Files\MiKTeX 2.9\tex\latex\oberdiek\rerunfilecheck.sty"
Package: rerunfilecheck 2011/04/15 v1.7 Rerun checks for auxiliary files (HO)
Package uniquecounter Info: New unique counter `rerunfilecheck' on input line 282.
)
\Hy@SectionHShift=\skip72
)
("C:\Program Files\MiKTeX 2.9\tex\latex\base\inputenc.sty"
Package: inputenc 2008/03/30 v1.1d Input encoding file
\inpenc@prehook=\toks25
\inpenc@posthook=\toks26
 ("C:\Program Files\MiKTeX 2.9\tex\latex\base\latin1.def"
File: latin1.def 2008/03/30 v1.1d Input encoding file
))
No file Draft_Inflation.aux.
LaTeX Font Info:    Checking defaults for OML/cmm/m/it on input line 32.
LaTeX Font Info:    ... okay on input line 32.
LaTeX Font Info:    Checking defaults for T1/cmr/m/n on input line 32.
LaTeX Font Info:    ... okay on input line 32.
LaTeX Font Info:    Checking defaults for OT1/cmr/m/n on input line 32.
LaTeX Font Info:    ... okay on input line 32.
LaTeX Font Info:    Checking defaults for OMS/cmsy/m/n on input line 32.
LaTeX Font Info:    ... okay on input line 32.
LaTeX Font Info:    Checking defaults for OMX/cmex/m/n on input line 32.
LaTeX Font Info:    ... okay on input line 32.
LaTeX Font Info:    Checking defaults for U/cmr/m/n on input line 32.
LaTeX Font Info:    ... okay on input line 32.
LaTeX Font Info:    Checking defaults for TS1/cmr/m/n on input line 32.
LaTeX Font Info:    Try loading font information for TS1+cmr on input line 32.
("C:\Program Files\MiKTeX 2.9\tex\latex\base\ts1cmr.fd"
File: ts1cmr.fd 1999/05/25 v2.5h Standard LaTeX font definitions
)
LaTeX Font Info:    ... okay on input line 32.
LaTeX Font Info:    Checking defaults for PD1/pdf/m/n on input line 32.
LaTeX Font Info:    ... okay on input line 32.
 ("C:\Program Files\MiKTeX 2.9\tex\context\base\supp-pdf.mkii"
[Loading MPS to PDF converter (version 2006.09.02).]
\scratchcounter=\count130
\scratchdimen=\dimen143
\scratchbox=\box36
\nofMPsegments=\count131
\nofMParguments=\count132
\everyMPshowfont=\toks27
\MPscratchCnt=\count133
\MPscratchDim=\dimen144
\MPnumerator=\count134
\makeMPintoPDFobject=\count135
\everyMPtoPDFconversion=\toks28
)
Package caption Info: Begin \AtBeginDocument code.
Package caption Info: subfig package v1.3 is loaded.
Package caption Info: float package is loaded.
Package caption Info: hyperref package is loaded.
Package caption Info: longtable package is loaded.
 ("C:\Program Files\MiKTeX 2.9\tex\latex\caption\ltcaption.sty"
Package: ltcaption 2013/02/03 v1.3-62 longtable captions (AR)
)
Package caption Info: rotating package is loaded.
Package caption Info: threeparttable package is loaded.
Package caption Info: End \AtBeginDocument code.
\AtBeginShipoutBox=\box37

("C:\Program Files\MiKTeX 2.9\tex\latex\graphics\color.sty"
Package: color 2005/11/14 v1.0j Standard LaTeX Color (DPC)
 ("C:\Program Files\MiKTeX 2.9\tex\latex\00miktex\color.cfg"
File: color.cfg 2007/01/18 v1.5 color configuration of teTeX/TeXLive
)
Package color Info: Driver file: pdftex.def on input line 130.
)
Package hyperref Info: Link coloring ON on input line 32.
 ("C:\Program Files\MiKTeX 2.9\tex\latex\hyperref\nameref.sty"
Package: nameref 2012/10/27 v2.43 Cross-referencing by name of section

("C:\Program Files\MiKTeX 2.9\tex\generic\oberdiek\gettitlestring.sty"
Package: gettitlestring 2010/12/03 v1.4 Cleanup title references (HO)
)
\c@section@level=\count136
)
LaTeX Info: Redefining \ref on input line 32.
LaTeX Info: Redefining \pageref on input line 32.
LaTeX Info: Redefining \nameref on input line 32.
\@outlinefile=\write3
LaTeX Font Info:    Try loading font information for U+lasy on input line 44.

("C:\Program Files\MiKTeX 2.9\tex\latex\base\ulasy.fd"
File: ulasy.fd 1998/08/17 v2.2e LaTeX symbol font definitions
)
LaTeX Font Info:    Try loading font information for U+rsfs on input line 44.
 ("C:\Program Files\MiKTeX 2.9\tex\latex\jknappen\ursfs.fd"
File: ursfs.fd 1998/03/24 rsfs font definition file (jk)
)
Underfull \hbox (badness 10000) in paragraph at lines 61--66

 []

[1

{C:/Users/dulbricht/AppData/Local/MiKTeX/2.9/pdftex/config/pdftex.map}]
\tf@toc=\write4
 [2]
\tf@lot=\write5
\tf@lof=\write6
 [3]

Package natbib Warning: Citation `european_commission_industrialization_2014' on page 1 undefined on input line 90.


Package natbib Warning: Citation `kholodilin_siliverstovs_2006' on page 1 undefined on input line 95.


Package natbib Warning: Citation `robinzonov2009freedom' on page 1 undefined on input line 95.


Package natbib Warning: Citation `drechsel2012performance' on page 1 undefined on input line 95.


Package natbib Warning: Citation `abberger2006einige' on page 1 undefined on input line 95.


Package natbib Warning: Citation `hufner2002prognosegehalt' on page 1 undefined on input line 95.


Package natbib Warning: Citation `keynes1937general' on page 1 undefined on input line 98.


Package natbib Warning: Citation `von1992pretence' on page 1 undefined on input line 98.


Package natbib Warning: Citation `simon1957models' on page 1 undefined on input line 98.


Package natbib Warning: Citation `Kahneman_Tversky_1979' on page 1 undefined on input line 98.


Package natbib Warning: Citation `denzau1994shared' on page 1 undefined on input line 98.

[1]

Package natbib Warning: Citation `Goidel_Langley_1995' on page 2 undefined on input line 100.


Package natbib Warning: Citation `Doms_et_al2004' on page 2 undefined on input line 100.


Package natbib Warning: Citation `Nadeau_et_al_2000' on page 2 undefined on input line 100.


Package natbib Warning: Citation `Soroka_2006' on page 2 undefined on input line 100.


Package natbib Warning: Citation `lamla2012' on page 2 undefined on input line 100.


Package natbib Warning: Citation `Doms_et_al2004' on page 2 undefined on input line 106.


Package natbib Warning: Citation `Tetlock2007' on page 2 undefined on input line 108.


Package natbib Warning: Citation `Uhl2010' on page 2 undefined on input line 109.


Package natbib Warning: Citation `Uhl2012' on page 2 undefined on input line 109.


Package natbib Warning: Citation `Bordino_et_al2011' on page 2 undefined on input line 111.


Package natbib Warning: Citation `Kholodilin_et_al_2010' on page 2 undefined on input line 111.


Package natbib Warning: Citation `Bollen_et_al2011' on page 2 undefined on input line 111.

[2]

Package natbib Warning: Citation `Grossarth_et_al2008' on page 3 undefined on input line 116.


Package natbib Warning: Citation `Iselin_Siliverstovs2013' on page 3 undefined on input line 116.


Package natbib Warning: Citation `Ammann_et_al2011' on page 3 undefined on input line 116.


Overfull \hbox (7.25027pt too wide) in paragraph at lines 115--117
\OT1/cmr/m/n/10 sion" in Ger-man) in ar-ti-cles pub-lished in the \OT1/cmr/m/it/10 Frank-furter All-ge-meine Zeitung\OT1
/cmr/m/n/10 , \OT1/cmr/m/it/10 Han-dels-blatt\OT1/cmr/m/n/10 , and \OT1/cmr/m/it/10 WirtschaftsWoche\OT1/cmr/m/n/10 ;
 []


Package natbib Warning: Citation `drechsel2012performance' on page 3 undefined on input line 118.


Package natbib Warning: Citation `Grossarth_et_al2008' on page 3 undefined on input line 120.


Package natbib Warning: Citation `Grossarth_et_al2008' on page 3 undefined on input line 120.


Package natbib Warning: Citation `drechsel2012performance' on page 3 undefined on input line 120.


Package natbib Warning: Citation `Grossarth_et_al2008' on page 3 undefined on input line 120.


Package natbib Warning: Citation `hansen2011model' on page 3 undefined on input line 120.


Package natbib Warning: Citation `giacomini2009detecting' on page 3 undefined on input line 120.

[3]

Package natbib Warning: Citation `drechsel2012performance' on page 4 undefined on input line 134.

[4]

Package natbib Warning: Citation `pesaran2004costly' on page 5 undefined on input line 158.


Package natbib Warning: Citation `hansen2011model' on page 5 undefined on input line 158.

[5]

Package natbib Warning: Citation `diebold1995comparing' on page 6 undefined on input line 201.


Package natbib Warning: Citation `Clark_West_2007' on page 6 undefined on input line 221.

[6]

Package natbib Warning: Citation `white2000reality' on page 7 undefined on input line 231.


Package natbib Warning: Citation `white2000reality' on page 7 undefined on input line 235.


Package natbib Warning: Citation `Hansen_2005' on page 7 undefined on input line 246.


Package natbib Warning: Citation `hansen2011model' on page 7 undefined on input line 254.

[7]

LaTeX Warning: Reference `enu:Beginning-with-the' on page 8 undefined on input line 274.


Package natbib Warning: Citation `hansen2011model' on page 8 undefined on input line 280.


Package natbib Warning: Citation `hansen2011model' on page 8 undefined on input line 288.

[8]

Package natbib Warning: Citation `hansen2011model' on page 9 undefined on input line 306.


Package natbib Warning: Citation `giacomini2009detecting' on page 9 undefined on input line 312.


Package natbib Warning: Citation `bai2003computation' on page 9 undefined on input line 315.

[9]

LaTeX Warning: Reference `tab:Analyzed-Media-Set' on page 10 undefined on input line 350.


LaTeX Warning: Reference `tab:contingency' on page 10 undefined on input line 350.

[10]

LaTeX Warning: Reference `tab:Analyzed-Media-Set' on page 11 undefined on input line 353.


LaTeX Warning: Reference `eq:MCI' on page 11 undefined on input line 383.


Overfull \hbox (10.63733pt too wide) in paragraph at lines 385--386
[]\OT1/cmr/m/n/10 The sec-ond group of in-di-ca-tors only uses data re-lated to spe-cific top-ics: The gov-ern-ment bud-
get (MT.budget),
 []

[11]

LaTeX Warning: Reference `tab:Media-indices,-descriptive' on page 12 undefined on input line 390.


Package natbib Warning: Citation `brettschneider2000reality' on page 12 undefined on input line 390.


LaTeX Warning: Reference `fig:MT-indices-all' on page 12 undefined on input line 390.


LaTeX Warning: Reference `fig:MT-indices-de' on page 12 undefined on input line 390.


Package natbib Warning: Citation `drechsel2012performance' on page 12 undefined on input line 393.


LaTeX Warning: Reference `tab:indicators' on page 12 undefined on input line 395.


Package natbib Warning: Citation `drechsel2012performance' on page 12 undefined on input line 395.


Package natbib Warning: Citation `drechsel2012performance' on page 12 undefined on input line 407.


Package natbib Warning: Citation `orphanides2001monetary' on page 12 undefined on input line 415.


Package natbib Warning: Citation `koenig2003use' on page 12 undefined on input line 415.

[12]

Package natbib Warning: Citation `drechsel2012performance' on page 13 undefined on input line 422.


Package natbib Warning: Citation `giacomini2009detecting' on page 13 undefined on input line 422.


LaTeX Warning: Reference `fig: ip, recession and forecast breakdowns' on page 13 undefined on input line 425.


LaTeX Warning: Reference `fig: ip, recession and forecast breakdowns' on page 13 undefined on input line 429.

[13]

LaTeX Warning: Reference `fig:Percentage-of-models' on page 14 undefined on input line 434.


LaTeX Warning: Reference `fig:Percentage-of-models' on page 14 undefined on input line 437.


Package natbib Warning: Citation `hansen2011model' on page 14 undefined on input line 441.


LaTeX Warning: Reference `fig:Percentage-of-models' on page 14 undefined on input line 442.


LaTeX Warning: Reference `tab:Best-media-models crisis, all' on page 14 undefined on input line 452.


LaTeX Warning: Reference `tab:Best-media-models crisis, all' on page 14 undefined on input line 455.


LaTeX Warning: Reference `eq:individual models' on page 14 undefined on input line 459.


Package natbib Warning: Citation `hansen2011model' on page 14 undefined on input line 462.


LaTeX Warning: Reference `tab:Best-media-models crisis' on page 14 undefined on input line 469.


LaTeX Warning: Reference `tab:Best-media-models crisis' on page 14 undefined on input line 472.

[14]

LaTeX Warning: Reference `tab:Percentage-of-forecast' on page 15 undefined on input line 483.


LaTeX Warning: Reference `tab:Percentage-of-forecast' on page 15 undefined on input line 486.


Package natbib Warning: Citation `Clark_West_2007' on page 15 undefined on input line 501.


Package natbib Warning: Citation `hansen2011model' on page 15 undefined on input line 501.


Package natbib Warning: Citation `giacomini2009detecting' on page 15 undefined on input line 501.

[15]
No file Draft_Inflation.bbl.
[16]
Overfull \hbox (16.51233pt too wide) in paragraph at lines 549--564
[][]
 []

[17] [18]
Overfull \hbox (3.55745pt too wide) in paragraph at lines 607--607
[]|\OT1/cmr/m/n/5 Dln| 
 []


Overfull \hbox (3.34766pt too wide) in paragraph at lines 607--607
[]|\OT1/cmr/m/n/5 D2ln| 
 []


Overfull \hbox (3.73106pt too wide) in paragraph at lines 607--607
[]|\OT1/cmr/m/n/5 Lag| 
 []


Overfull \hbox (25.40291pt too wide) in alignment at lines 604--609
 [] [] [] [] [] [] [] [] [] 
 []


Overfull \hbox (3.55745pt too wide) in paragraph at lines 612--612
[]|\OT1/cmr/m/n/5 Dln| 
 []


Overfull \hbox (3.34766pt too wide) in paragraph at lines 612--612
[]|\OT1/cmr/m/n/5 D2ln| 
 []


Overfull \hbox (3.73106pt too wide) in paragraph at lines 612--612
[]|\OT1/cmr/m/n/5 Lag| 
 []


Overfull \hbox (25.40291pt too wide) in alignment at lines 609--614
 [] [] [] [] [] [] [] [] [] 
 []


Overfull \hbox (25.40291pt too wide) in alignment at lines 614--639
 [] [] [] [] [] [] [] [] [] 
 []


Underfull \vbox (badness 10000) detected at line 639
 []


Overfull \hbox (25.40291pt too wide) in alignment at lines 639--659
 [] [] [] [] [] [] [] [] [] 
 []


Overfull \hbox (25.40291pt too wide) in alignment at lines 659--679
 [] [] [] [] [] [] [] [] [] 
 []


Overfull \hbox (25.40291pt too wide) in alignment at lines 679--699
 [] [] [] [] [] [] [] [] [] 
 []


Overfull \hbox (25.40291pt too wide) in alignment at lines 699--719
 [] [] [] [] [] [] [] [] [] 
 []

[19]
Overfull \hbox (25.40291pt too wide) in alignment at lines 719--722
 [] [] [] [] [] [] [] [] [] 
 []


Package longtable Warning: Column widths have changed
(longtable)                in table 4 on input line 722.

[20]

LaTeX Warning: File `mtnde.pdf' not found on input line 863.


! Package pdftex.def Error: File `mtnde.pdf' not found.

See the pdftex.def package documentation for explanation.
Type  H <return>  for immediate help.
 ...                                              
                                                  
l.863 \includegraphics{mtnde.pdf}
                                 
Using draft setting for this image.
Try typing  <return>  to proceed.
If that doesn't work, type  X <return>  to quit.


LaTeX Warning: File `mtde.pdf' not found on input line 881.


! Package pdftex.def Error: File `mtde.pdf' not found.

See the pdftex.def package documentation for explanation.
Type  H <return>  for immediate help.
 ...                                              
                                                  
l.881 \includegraphics{mtde.pdf}
                                
Using draft setting for this image.
Try typing  <return>  to proceed.
If that doesn't work, type  X <return>  to quit.


! LaTeX Error: File `ip_crisis_breakdowns' not found.

See the LaTeX manual or LaTeX Companion for explanation.
Type  H <return>  for immediate help.
 ...                                              
                                                  
l.895 ...raphics[scale=0.85]{ip_crisis_breakdowns}
                                                  
I could not locate the file with any of these extensions:
.png,.pdf,.jpg,.mps,.jpeg,.jbig2,.jb2,.PNG,.PDF,.JPG,.JPEG,.JBIG2,.JB2
Try typing  <return>  to proceed.
If that doesn't work, type  X <return>  to quit.


! LaTeX Error: File `mcs_share_media_all' not found.

See the LaTeX manual or LaTeX Companion for explanation.
Type  H <return>  for immediate help.
 ...                                              
                                                  
l.903 ...graphics[scale=0.5]{mcs_share_media_all}}
                                                  
I could not locate the file with any of these extensions:
.png,.pdf,.jpg,.mps,.jpeg,.jbig2,.jb2,.PNG,.PDF,.JPG,.JPEG,.JBIG2,.JB2
Try typing  <return>  to proceed.
If that doesn't work, type  X <return>  to quit.


Overfull \hbox (7.52794pt too wide) in paragraph at lines 903--903
[]\OT1/cmr/m/n/8 (a)
 []


Overfull \hbox (7.75572pt too wide) in paragraph at lines 903--903
|\OT1/cmr/m/n/8 All
 []


Overfull \hbox (8.23628pt too wide) in paragraph at lines 903--903
\OT1/cmr/m/n/8 pe-
 []


Overfull \hbox (5.17374pt too wide) in paragraph at lines 903--903
\OT1/cmr/m/n/8 ri-
 []


Overfull \hbox (11.58911pt too wide) in paragraph at lines 903--903
\OT1/cmr/m/n/8 ods,
 []


Overfull \hbox (27.36156pt too wide) in paragraph at lines 903--903
\OT1/cmr/m/n/8 2005:12-
 []


Overfull \hbox (24.52818pt too wide) in paragraph at lines 903--903
\OT1/cmr/m/n/8 2014:04[][]| 
 []


! LaTeX Error: File `mcs_share_media_recession' not found.

See the LaTeX manual or LaTeX Companion for explanation.
Type  H <return>  for immediate help.
 ...                                              
                                                  
l.907 ...cs[scale=0.5]{mcs_share_media_recession}}
                                                  
I could not locate the file with any of these extensions:
.png,.pdf,.jpg,.mps,.jpeg,.jbig2,.jb2,.PNG,.PDF,.JPG,.JPEG,.JBIG2,.JB2
Try typing  <return>  to proceed.
If that doesn't work, type  X <return>  to quit.


Overfull \hbox (8.00017pt too wide) in paragraph at lines 907--907
[]\OT1/cmr/m/n/8 (b)
 []


Overfull \hbox (10.5891pt too wide) in paragraph at lines 907--907
|\OT1/cmr/m/n/8 Un-
 []


Overfull \hbox (10.40854pt too wide) in paragraph at lines 907--907
\OT1/cmr/m/n/8 sta-
 []


Overfull \hbox (7.52794pt too wide) in paragraph at lines 907--907
\OT1/cmr/m/n/8 ble
 []


Overfull \hbox (16.74335pt too wide) in paragraph at lines 907--907
\OT1/cmr/m/n/8 (fore-
 []


Overfull \hbox (11.353pt too wide) in paragraph at lines 907--907
\OT1/cmr/m/n/8 cast
 []


Overfull \hbox (20.04895pt too wide) in paragraph at lines 907--907
\OT1/cmr/m/n/8 break-
 []


Overfull \hbox (19.56978pt too wide) in paragraph at lines 907--907
\OT1/cmr/m/n/8 down)
 []


Overfull \hbox (8.23628pt too wide) in paragraph at lines 907--907
\OT1/cmr/m/n/8 pe-
 []


Overfull \hbox (13.90997pt too wide) in paragraph at lines 907--907
\OT1/cmr/m/n/8 riod,
 []


Overfull \hbox (27.36156pt too wide) in paragraph at lines 907--907
\OT1/cmr/m/n/8 2008:12-
 []


Overfull \hbox (24.52818pt too wide) in paragraph at lines 907--907
\OT1/cmr/m/n/8 2010:06| 
 []


Package natbib Warning: There were undefined citations.


Package longtable Warning: Table widths have changed. Rerun LaTeX.

Package atveryend Info: Empty hook `BeforeClearDocument' on input line 910.
[21] [22] [23] [24]
Package atveryend Info: Empty hook `AfterLastShipout' on input line 910.
 (H:\git\zeit-2\draft\Draft_Inflation.aux)
Package atveryend Info: Executing hook `AtVeryEndDocument' on input line 910.
Package atveryend Info: Executing hook `AtEndAfterFileList' on input line 910.


Package rerunfilecheck Warning: File `Draft_Inflation.out' has changed.
(rerunfilecheck)                Rerun to get outlines right
(rerunfilecheck)                or use package `bookmark'.

Package rerunfilecheck Info: Checksums for `Draft_Inflation.out':
(rerunfilecheck)             Before: <no file>
(rerunfilecheck)             After:  FDE251C60A4897A5353133899C87DAB6;726.

LaTeX Warning: There were undefined references.


LaTeX Warning: Label(s) may have changed. Rerun to get cross-references right.

Package atveryend Info: Empty hook `AtVeryVeryEnd' on input line 910.
 ) 
Here is how much of TeX's memory you used:
 8418 strings out of 493921
 125268 string characters out of 3147270
 315071 words of memory out of 3000000
 11468 multiletter control sequences out of 15000+200000
 13259 words of font info for 54 fonts, out of 3000000 for 9000
 841 hyphenation exceptions out of 8191
 44i,13n,47p,1808b,495s stack positions out of 5000i,500n,10000p,200000b,50000s
{C:/Program Files/MiKTeX 2.9/fonts/enc/dvips/cm-super/cm-super-ts1.enc}<C:/Program Files/MiKTeX 2.9/fonts/type1/public
/amsfonts/cm/cmbx10.pfb><C:/Program Files/MiKTeX 2.9/fonts/type1/public/amsfonts/cm/cmbx12.pfb><C:/Program Files/MiKTeX 
2.9/fonts/type1/public/amsfonts/cm/cmbx8.pfb><C:/Program Files/MiKTeX 2.9/fonts/type1/public/amsfonts/cm/cmbx9.pfb><C:/P
rogram Files/MiKTeX 2.9/fonts/type1/public/amsfonts/cm/cmex10.pfb><C:/Program Files/MiKTeX 2.9/fonts/type1/public/amsfon
ts/cm/cmmi10.pfb><C:/Program Files/MiKTeX 2.9/fonts/type1/public/amsfonts/cm/cmmi5.pfb><C:/Program Files/MiKTeX 2.9/font
s/type1/public/amsfonts/cm/cmmi6.pfb><C:/Program Files/MiKTeX 2.9/fonts/type1/public/amsfonts/cm/cmmi7.pfb><C:/Program F
iles/MiKTeX 2.9/fonts/type1/public/amsfonts/cm/cmmi8.pfb><C:/Program Files/MiKTeX 2.9/fonts/type1/public/amsfonts/cm/cmr
10.pfb><C:/Program Files/MiKTeX 2.9/fonts/type1/public/amsfonts/cm/cmr12.pfb><C:/Program Files/MiKTeX 2.9/fonts/type1/pu
blic/amsfonts/cm/cmr17.pfb><C:/Program Files/MiKTeX 2.9/fonts/type1/public/amsfonts/cm/cmr5.pfb><C:/Program Files/MiKTeX
 2.9/fonts/type1/public/amsfonts/cm/cmr6.pfb><C:/Program Files/MiKTeX 2.9/fonts/type1/public/amsfonts/cm/cmr7.pfb><C:/Pr
ogram Files/MiKTeX 2.9/fonts/type1/public/amsfonts/cm/cmr8.pfb><C:/Program Files/MiKTeX 2.9/fonts/type1/public/amsfonts/
cm/cmr9.pfb><C:/Program Files/MiKTeX 2.9/fonts/type1/public/amsfonts/cm/cmsy10.pfb><C:/Program Files/MiKTeX 2.9/fonts/ty
pe1/public/amsfonts/cm/cmsy6.pfb><C:/Program Files/MiKTeX 2.9/fonts/type1/public/amsfonts/cm/cmsy7.pfb><C:/Program Files
/MiKTeX 2.9/fonts/type1/public/amsfonts/cm/cmsy8.pfb><C:/Program Files/MiKTeX 2.9/fonts/type1/public/amsfonts/cm/cmti10.
pfb><C:/Program Files/MiKTeX 2.9/fonts/type1/public/amsfonts/cm/cmtt10.pfb><C:/Program Files/MiKTeX 2.9/fonts/type1/publ
ic/amsfonts/cm/cmtt8.pfb><C:/Program Files/MiKTeX 2.9/fonts/type1/public/cm-super/sfrm1000.pfb>
Output written on Draft_Inflation.pdf (27 pages, 407795 bytes).
PDF statistics:
 319 PDF objects out of 1000 (max. 8388607)
 91 named destinations out of 1000 (max. 500000)
 1 words of extra memory for PDF output out of 10000 (max. 10000000)

